<?xml version="1.0" encoding="UTF-8"?>
<!-- Generated by org.testng.reporters.JUnitReportReporter -->
<testsuite hostname="LAPTOP-K318JJ09" failures="0" tests="2" name="com.automate.AutoUpdateDriver" time="0.007" errors="0" timestamp="2022-08-10T11:14:06 IST" skipped="1">
  <testcase classname="com.automate.AutoUpdateDriver" name="test3" time="0.007"/>
  <system-out/>
  <testcase classname="com.automate.AutoUpdateDriver" name="test1">
    <skipped/>
  </testcase> <!-- test1 -->
  <system-out/>
</testsuite> <!-- com.automate.AutoUpdateDriver -->
