<?xml version="1.0" encoding="UTF-8"?>
<!-- Generated by org.testng.reporters.JUnitReportReporter -->
<testsuite hostname="LAPTOP-K318JJ09" failures="0" tests="3" name="com.automate.AutoUpdateDriver" time="15.829" errors="0" timestamp="2022-08-20T23:09:20 IST" skipped="0">
  <testcase classname="com.automate.AutoUpdateDriver" name="test2" time="0.013"/>
  <system-out/>
  <testcase classname="com.automate.AutoUpdateDriver" name="test3" time="0.000"/>
  <system-out/>
  <testcase classname="com.automate.AutoUpdateDriver" name="test1" time="15.816"/>
  <system-out/>
</testsuite> <!-- com.automate.AutoUpdateDriver -->
