<?xml version="1.0" encoding="UTF-8"?>
<!-- Generated by org.testng.reporters.JUnitReportReporter -->
<testsuite hostname="LAPTOP-K318JJ09" failures="0" tests="3" name="com.automate.AutoUpdateDriver" time="9.458" errors="0" timestamp="2022-08-22T12:10:29 IST" skipped="0">
  <testcase classname="com.automate.AutoUpdateDriver" name="test2" time="0.010"/>
  <system-out/>
  <testcase classname="com.automate.AutoUpdateDriver" name="test3" time="0.000"/>
  <system-out/>
  <testcase classname="com.automate.AutoUpdateDriver" name="startBrowser" time="9.448"/>
  <system-out/>
</testsuite> <!-- com.automate.AutoUpdateDriver -->
